\BOOKMARK [1][-]{section.1}{License}{}% 1
\BOOKMARK [1][-]{section.2}{Introduction}{}% 2
\BOOKMARK [2][-]{subsection.2.1}{Architecture}{section.2}% 3
\BOOKMARK [2][-]{subsection.2.2}{Directory and File Structure}{section.2}% 4
\BOOKMARK [2][-]{subsection.2.3}{Executables}{section.2}% 5
\BOOKMARK [2][-]{subsection.2.4}{Libraries}{section.2}% 6
\BOOKMARK [1][-]{section.3}{Installation}{}% 7
\BOOKMARK [2][-]{subsection.3.1}{Binary Package Installation}{section.3}% 8
\BOOKMARK [2][-]{subsection.3.2}{Building from Source Code}{section.3}% 9
\BOOKMARK [1][-]{section.4}{Run an Example Setup}{}% 10
\BOOKMARK [2][-]{subsection.4.1}{Target Setup}{section.4}% 11
\BOOKMARK [2][-]{subsection.4.2}{Preparation}{section.4}% 12
\BOOKMARK [2][-]{subsection.4.3}{Startup}{section.4}% 13
\BOOKMARK [2][-]{subsection.4.4}{Operating}{section.4}% 14
\BOOKMARK [2][-]{subsection.4.5}{After data taking}{section.4}% 15
\BOOKMARK [1][-]{section.5}{Integration with User Hardware}{}% 16
\BOOKMARK [2][-]{subsection.5.1}{Announcement of Derived Class}{section.5}% 17
\BOOKMARK [2][-]{subsection.5.2}{Serializable}{section.5}% 18
\BOOKMARK [2][-]{subsection.5.3}{Ownership}{section.5}% 19
\BOOKMARK [2][-]{subsection.5.4}{Command/Status Handling}{section.5}% 20
\BOOKMARK [1][-]{section.6}{Writing a Producer}{}% 21
\BOOKMARK [2][-]{subsection.6.1}{Producer Prototype}{section.6}% 22
\BOOKMARK [2][-]{subsection.6.2}{Example Source Code: Dummy Event Producer}{section.6}% 23
\BOOKMARK [1][-]{section.7}{Writing a DataCollector}{}% 24
\BOOKMARK [2][-]{subsection.7.1}{DataCollector Prototype}{section.7}% 25
\BOOKMARK [2][-]{subsection.7.2}{Example Code: DirectSave}{section.7}% 26
\BOOKMARK [2][-]{subsection.7.3}{Example Code: SyncTrigger}{section.7}% 27
\BOOKMARK [1][-]{section.8}{Writing a Data Converter}{}% 28
\BOOKMARK [2][-]{subsection.8.1}{Event Structure}{section.8}% 29
\BOOKMARK [2][-]{subsection.8.2}{Example Code: RawEvent2StdEvent}{section.8}% 30
\BOOKMARK [2][-]{subsection.8.3}{RawEventTTreeEvent Converter}{section.8}% 31
\BOOKMARK [1][-]{section.9}{Writing a Monitor}{}% 32
\BOOKMARK [2][-]{subsection.9.1}{Monitor Prototype}{section.9}% 33
\BOOKMARK [2][-]{subsection.9.2}{Example Code}{section.9}% 34
\BOOKMARK [2][-]{subsection.9.3}{Graphical User Interface}{section.9}% 35
\BOOKMARK [1][-]{section.10}{Writing a RunControl}{}% 36
\BOOKMARK [2][-]{subsection.10.1}{RunControl Prototype}{section.10}% 37
\BOOKMARK [2][-]{subsection.10.2}{Example Code: auto stop}{section.10}% 38
\BOOKMARK [2][-]{subsection.10.3}{RunControl Mode}{section.10}% 39
\BOOKMARK [1][-]{section.11}{Support User Defined Event Type}{}% 40
\BOOKMARK [2][-]{subsection.11.1}{Event}{section.11}% 41
\BOOKMARK [2][-]{subsection.11.2}{FileWriter}{section.11}% 42
\BOOKMARK [2][-]{subsection.11.3}{FileReader}{section.11}% 43
\BOOKMARK [1][-]{section.12}{Contributing to EUDAQ}{}% 44
\BOOKMARK [2][-]{subsection.12.1}{Reporting Issues}{section.12}% 45
\BOOKMARK [2][-]{subsection.12.2}{Regression Testing}{section.12}% 46
\BOOKMARK [2][-]{subsection.12.3}{Commiting Code to the Main Repository}{section.12}% 47
\BOOKMARK [1][-]{appendix.A}{Platform Dependent Issues/ Solutions}{}% 48
\BOOKMARK [2][-]{subsection.A.1}{Linux}{appendix.A}% 49
\BOOKMARK [2][-]{subsection.A.2}{MacOS}{appendix.A}% 50
\BOOKMARK [2][-]{subsection.A.3}{Windows}{appendix.A}% 51
\BOOKMARK [1][-]{section*.30}{Glossary}{}% 52
